<?xml version="1.0" encoding="UTF-8"?>
<testsuite xmlns:xsi="http://www.w3.org/2001/XMLSchema-instance" xsi:noNamespaceSchemaLocation="https://maven.apache.org/surefire/maven-surefire-plugin/xsd/surefire-test-report-3.0.xsd" version="3.0" name="com.chess.backend.GameRestIntegrationTest" time="2.254" tests="2" errors="0" skipped="0" failures="0">
  <properties>
[...]
</properties>
  <testcase name="createJoinWhiteMove_e2e4_updatesFen" classname="com.chess.backend.GameRestIntegrationTest" time="0.51">
    <system-out><![CDATA[
  .   ____          _            __ _ _
 /\\ / ___'_ __ _ _(_)_ __  __ _ \ \ \ \
( ( )\___ | '_ | '_| | '_ \/ _` | \ \ \ \
 \\/  ___)| |_)| | | | | || (_| |  ) ) ) )
  '  |____| .__|_| |_|_| |_\__, | / / / /
 =========|_|==============|___/=/_/_/_/
 :: Spring Boot ::                (v3.2.4)

2026-05-13 11:10:07 [main] INFO  c.c.backend.GameRestIntegrationTest - Starting GameRestIntegrationTest using Java 21.0.1 with PID 9864 (started by MBouraoui in c:\xampp\htdocs\Projects\chess\backend)
2026-05-13 11:10:07 [main] INFO  c.c.backend.GameRestIntegrationTest - The following 1 profile is active: "test"
2026-05-13 11:10:08 [main] WARN  org.hibernate.orm.deprecation - HHH90000025: H2Dialect does not need to be specified explicitly using 'hibernate.dialect' (remove the property setting and it will be selected by default)
2026-05-13 11:10:08 [main] DEBUG org.hibernate.SQL - 
    drop table if exists games cascade 
2026-05-13 11:10:08 [main] DEBUG org.hibernate.SQL - 
    drop table if exists move cascade 
2026-05-13 11:10:08 [main] DEBUG org.hibernate.SQL - 
    drop table if exists player cascade 
2026-05-13 11:10:08 [main] DEBUG org.hibernate.SQL - 
    create table games (
        in_check boolean,
        in_checkmate boolean,
        in_stalemate boolean,
        move_count integer,
        current_turn_color varchar(5),
        black_player_id bigint unique,
        created_at TIMESTAMP DEFAULT CURRENT_TIMESTAMP,
        id bigint generated by default as identity,
        updated_at TIMESTAMP DEFAULT CURRENT_TIMESTAMP ON UPDATE CURRENT_TIMESTAMP,
        white_player_id bigint unique,
        fen LONGTEXT,
        game_id varchar(255) not null unique,
        mode varchar(255) not null,
        status varchar(255) not null,
        primary key (id)
    )
2026-05-13 11:10:08 [main] DEBUG org.hibernate.SQL - 
    create table move (
        created_at TIMESTAMP DEFAULT CURRENT_TIMESTAMP,
        game_state_id bigint,
        id bigint generated by default as identity,
        move_timestamp bigint,
        from_square varchar(255) not null,
        promotion varchar(255),
        to_square varchar(255) not null,
        primary key (id)
    )
2026-05-13 11:10:08 [main] DEBUG org.hibernate.SQL - 
    create table player (
        color varchar(1),
        difficulty integer,
        is_ai boolean,
        created_at TIMESTAMP DEFAULT CURRENT_TIMESTAMP,
        id bigint generated by default as identity,
        last_seen bigint,
        connection_status varchar(255),
        name varchar(255) not null,
        player_id varchar(255) not null unique,
        primary key (id)
    )
2026-05-13 11:10:08 [main] DEBUG org.hibernate.SQL - 
    alter table if exists games 
       add constraint FKof6gb88h93nx51mbuoomcltch 
       foreign key (black_player_id) 
       references player
2026-05-13 11:10:08 [main] DEBUG org.hibernate.SQL - 
    alter table if exists games 
       add constraint FKrr2c4h9rdplgb08hqmxi309k7 
       foreign key (white_player_id) 
       references player
2026-05-13 11:10:08 [main] DEBUG org.hibernate.SQL - 
    alter table if exists move 
       add constraint FKng2wf03jfbw6186qbhr5w7902 
       foreign key (game_state_id) 
       references games
2026-05-13 11:10:08 [main] WARN  o.s.b.a.o.j.JpaBaseConfiguration$JpaWebConfiguration - spring.jpa.open-in-view is enabled by default. Therefore, database queries may be performed during view rendering. Explicitly configure spring.jpa.open-in-view to disable this warning
2026-05-13 11:10:08 [main] WARN  o.s.b.a.s.s.UserDetailsServiceAutoConfiguration - 

Using generated security password: a0bdf297-9ed4-4fae-bc47-ee7b39579b84

This generated password is for development use only. Your security configuration must be updated before running your application in production.

2026-05-13 11:10:08 [main] INFO  o.s.s.web.DefaultSecurityFilterChain - Will secure any request with [org.springframework.security.web.session.DisableEncodeUrlFilter@5c430208, org.springframework.security.web.context.request.async.WebAsyncManagerIntegrationFilter@7fd03b0a, org.springframework.security.web.context.SecurityContextHolderFilter@605ba15f, org.springframework.security.web.header.HeaderWriterFilter@7342eb53, org.springframework.web.filter.CorsFilter@9a72eee, org.springframework.security.web.authentication.logout.LogoutFilter@25a0c208, com.chess.backend.security.OptionalApiKeyAuthFilter@7672ea5f, org.springframework.security.web.savedrequest.RequestCacheAwareFilter@3bd42eef, org.springframework.security.web.servletapi.SecurityContextHolderAwareRequestFilter@5fa842b5, org.springframework.security.web.authentication.AnonymousAuthenticationFilter@606ab048, org.springframework.security.web.session.SessionManagementFilter@27bc13f4, org.springframework.security.web.access.ExceptionTranslationFilter@26b37ec, org.springframework.security.web.access.intercept.AuthorizationFilter@223973a9]
2026-05-13 11:10:08 [main] INFO  org.springframework.web.SimpLogging - Starting...
2026-05-13 11:10:08 [main] INFO  org.springframework.web.SimpLogging - BrokerAvailabilityEvent[available=true, SimpleBrokerMessageHandler [org.springframework.messaging.simp.broker.DefaultSubscriptionRegistry@71637a85]]
2026-05-13 11:10:08 [main] INFO  org.springframework.web.SimpLogging - Started.
2026-05-13 11:10:08 [main] INFO  c.c.backend.GameRestIntegrationTest - Started GameRestIntegrationTest in 1.697 seconds (process running for 18.131)
2026-05-13 11:10:08 [http-nio-auto-2-exec-1] INFO  o.s.web.servlet.DispatcherServlet - Initializing Servlet 'dispatcherServlet'
2026-05-13 11:10:08 [http-nio-auto-2-exec-1] INFO  o.s.web.servlet.DispatcherServlet - Completed initialization in 1 ms
2026-05-13 11:10:09 [http-nio-auto-2-exec-1] DEBUG org.hibernate.SQL - 
    /* <criteria> */ select
        pe1_0.id,
        pe1_0.color,
        pe1_0.connection_status,
        pe1_0.created_at,
        pe1_0.difficulty,
        pe1_0.is_ai,
        pe1_0.last_seen,
        pe1_0.name,
        pe1_0.player_id 
    from
        player pe1_0 
    where
        pe1_0.player_id=?
2026-05-13 11:10:09 [http-nio-auto-2-exec-1] DEBUG org.hibernate.SQL - 
    /* insert for
        com.chess.backend.entity.PlayerEntity */insert 
    into
        player (color, connection_status, created_at, difficulty, is_ai, last_seen, name, player_id, id) 
    values
        (?, ?, ?, ?, ?, ?, ?, ?, default)
2026-05-13 11:10:09 [http-nio-auto-2-exec-1] INFO  c.c.backend.service.PlayerService - Player created: Alice (2277e542-8df3-4966-b5e8-53a21f699ad3)
2026-05-13 11:10:09 [http-nio-auto-2-exec-1] DEBUG org.hibernate.SQL - 
    /* <criteria> */ select
        pe1_0.id,
        pe1_0.color,
        pe1_0.connection_status,
        pe1_0.created_at,
        pe1_0.difficulty,
        pe1_0.is_ai,
        pe1_0.last_seen,
        pe1_0.name,
        pe1_0.player_id 
    from
        player pe1_0 
    where
        pe1_0.player_id=?
2026-05-13 11:10:09 [http-nio-auto-2-exec-1] DEBUG org.hibernate.SQL - 
    /* insert for
        com.chess.backend.entity.PlayerEntity */insert 
    into
        player (color, connection_status, created_at, difficulty, is_ai, last_seen, name, player_id, id) 
    values
        (?, ?, ?, ?, ?, ?, ?, ?, default)
2026-05-13 11:10:09 [http-nio-auto-2-exec-1] INFO  c.c.backend.service.PlayerService - Player created: Waiting for player... (608793ae-ae88-4054-9c3b-8fe17905965c)
2026-05-13 11:10:09 [http-nio-auto-2-exec-1] DEBUG org.hibernate.SQL - 
    /* insert for
        com.chess.backend.entity.GameStateEntity */insert 
    into
        games (black_player_id, created_at, current_turn_color, fen, game_id, in_check, in_checkmate, in_stalemate, mode, move_count, status, updated_at, white_player_id, id) 
    values
        (?, ?, ?, ?, ?, ?, ?, ?, ?, ?, ?, ?, ?, default)
2026-05-13 11:10:09 [http-nio-auto-2-exec-1] INFO  c.chess.backend.service.GameService - Game created: f2d1640a-4d64-4832-90ce-37234aae411e | Mode: pvp | Players: Alice vs Waiting for player...
2026-05-13 11:10:09 [http-nio-auto-2-exec-1] DEBUG org.hibernate.SQL - 
    /* update
        for com.chess.backend.entity.GameStateEntity */update games 
    set
        black_player_id=?,
        created_at=?,
        current_turn_color=?,
        fen=?,
        game_id=?,
        in_check=?,
        in_checkmate=?,
        in_stalemate=?,
        mode=?,
        move_count=?,
        status=?,
        updated_at=?,
        white_player_id=? 
    where
        id=?
2026-05-13 11:10:09 [http-nio-auto-2-exec-2] DEBUG org.hibernate.SQL - 
    /* <criteria> */ select
        gse1_0.id,
        gse1_0.black_player_id,
        gse1_0.created_at,
        gse1_0.current_turn_color,
        gse1_0.fen,
        gse1_0.game_id,
        gse1_0.in_check,
        gse1_0.in_checkmate,
        gse1_0.in_stalemate,
        gse1_0.mode,
        gse1_0.move_count,
        gse1_0.status,
        gse1_0.updated_at,
        gse1_0.white_player_id 
    from
        games gse1_0 
    where
        gse1_0.game_id=?
2026-05-13 11:10:09 [http-nio-auto-2-exec-2] DEBUG org.hibernate.SQL - 
    select
        pe1_0.id,
        pe1_0.color,
        pe1_0.connection_status,
        pe1_0.created_at,
        pe1_0.difficulty,
        pe1_0.is_ai,
        pe1_0.last_seen,
        pe1_0.name,
        pe1_0.player_id 
    from
        player pe1_0 
    where
        pe1_0.id=?
2026-05-13 11:10:09 [http-nio-auto-2-exec-2] DEBUG org.hibernate.SQL - 
    select
        pe1_0.id,
        pe1_0.color,
        pe1_0.connection_status,
        pe1_0.created_at,
        pe1_0.difficulty,
        pe1_0.is_ai,
        pe1_0.last_seen,
        pe1_0.name,
        pe1_0.player_id 
    from
        player pe1_0 
    where
        pe1_0.id=?
2026-05-13 11:10:09 [http-nio-auto-2-exec-2] DEBUG org.hibernate.SQL - 
    /* <criteria> */ select
        pe1_0.id,
        pe1_0.color,
        pe1_0.connection_status,
        pe1_0.created_at,
        pe1_0.difficulty,
        pe1_0.is_ai,
        pe1_0.last_seen,
        pe1_0.name,
        pe1_0.player_id 
    from
        player pe1_0 
    where
        pe1_0.player_id=?
2026-05-13 11:10:09 [http-nio-auto-2-exec-2] DEBUG org.hibernate.SQL - 
    /* insert for
        com.chess.backend.entity.PlayerEntity */insert 
    into
        player (color, connection_status, created_at, difficulty, is_ai, last_seen, name, player_id, id) 
    values
        (?, ?, ?, ?, ?, ?, ?, ?, default)
2026-05-13 11:10:09 [http-nio-auto-2-exec-2] INFO  c.c.backend.service.PlayerService - Player created: Bob (d9622926-a788-4169-864f-0c1df2c911f9)
2026-05-13 11:10:09 [http-nio-auto-2-exec-2] DEBUG org.hibernate.SQL - 
    /* update
        for com.chess.backend.entity.GameStateEntity */update games 
    set
        black_player_id=?,
        created_at=?,
        current_turn_color=?,
        fen=?,
        game_id=?,
        in_check=?,
        in_checkmate=?,
        in_stalemate=?,
        mode=?,
        move_count=?,
        status=?,
        updated_at=?,
        white_player_id=? 
    where
        id=?
2026-05-13 11:10:09 [http-nio-auto-2-exec-2] DEBUG org.hibernate.SQL - 
    select
        m1_0.game_state_id,
        m1_0.id,
        m1_0.created_at,
        m1_0.from_square,
        m1_0.move_timestamp,
        m1_0.promotion,
        m1_0.to_square 
    from
        move m1_0 
    where
        m1_0.game_state_id=?
2026-05-13 11:10:09 [http-nio-auto-2-exec-10] DEBUG org.hibernate.SQL - 
    /* SELECT
        g 
    FROM
        GameStateEntity g 
    WHERE
        g.gameId = :gameId */ select
            gse1_0.id,
            gse1_0.black_player_id,
            gse1_0.created_at,
            gse1_0.current_turn_color,
            gse1_0.fen,
            gse1_0.game_id,
            gse1_0.in_check,
            gse1_0.in_checkmate,
            gse1_0.in_stalemate,
            gse1_0.mode,
            gse1_0.move_count,
            gse1_0.status,
            gse1_0.updated_at,
            gse1_0.white_player_id 
        from
            games gse1_0 
        where
            gse1_0.game_id=? for update
2026-05-13 11:10:09 [http-nio-auto-2-exec-10] DEBUG org.hibernate.SQL - 
    select
        pe1_0.id,
        pe1_0.color,
        pe1_0.connection_status,
        pe1_0.created_at,
        pe1_0.difficulty,
        pe1_0.is_ai,
        pe1_0.last_seen,
        pe1_0.name,
        pe1_0.player_id 
    from
        player pe1_0 
    where
        pe1_0.id=?
2026-05-13 11:10:09 [http-nio-auto-2-exec-10] DEBUG org.hibernate.SQL - 
    select
        pe1_0.id,
        pe1_0.color,
        pe1_0.connection_status,
        pe1_0.created_at,
        pe1_0.difficulty,
        pe1_0.is_ai,
        pe1_0.last_seen,
        pe1_0.name,
        pe1_0.player_id 
    from
        player pe1_0 
    where
        pe1_0.id=?
2026-05-13 11:10:09 [http-nio-auto-2-exec-10] DEBUG org.hibernate.SQL - 
    select
        m1_0.game_state_id,
        m1_0.id,
        m1_0.created_at,
        m1_0.from_square,
        m1_0.move_timestamp,
        m1_0.promotion,
        m1_0.to_square 
    from
        move m1_0 
    where
        m1_0.game_state_id=?
2026-05-13 11:10:09 [http-nio-auto-2-exec-10] DEBUG org.hibernate.SQL - 
    /* insert for
        com.chess.backend.entity.MoveEntity */insert 
    into
        move (created_at, from_square, move_timestamp, promotion, to_square, id) 
    values
        (?, ?, ?, ?, ?, default)
2026-05-13 11:10:09 [http-nio-auto-2-exec-10] INFO  c.chess.backend.service.GameService - Move processed: game=f2d1640a-4d64-4832-90ce-37234aae411e, player=2277e542-8df3-4966-b5e8-53a21f699ad3, from=e2, to=e4, newFen=rnbqkbnr/pppppppp/8/8/4P3/8/PPPP1PPP/RNBQKBNR b KQkq e3 0 1
2026-05-13 11:10:09 [http-nio-auto-2-exec-10] DEBUG org.hibernate.SQL - 
    /* update
        for com.chess.backend.entity.GameStateEntity */update games 
    set
        black_player_id=?,
        created_at=?,
        current_turn_color=?,
        fen=?,
        game_id=?,
        in_check=?,
        in_checkmate=?,
        in_stalemate=?,
        mode=?,
        move_count=?,
        status=?,
        updated_at=?,
        white_player_id=? 
    where
        id=?
2026-05-13 11:10:09 [http-nio-auto-2-exec-10] DEBUG org.hibernate.SQL - 
    update
        move 
    set
        game_state_id=? 
    where
        id=?
2026-05-13 11:10:09 [http-nio-auto-2-exec-4] DEBUG org.hibernate.SQL - 
    /* <criteria> */ select
        gse1_0.id,
        gse1_0.black_player_id,
        gse1_0.created_at,
        gse1_0.current_turn_color,
        gse1_0.fen,
        gse1_0.game_id,
        gse1_0.in_check,
        gse1_0.in_checkmate,
        gse1_0.in_stalemate,
        gse1_0.mode,
        gse1_0.move_count,
        gse1_0.status,
        gse1_0.updated_at,
        gse1_0.white_player_id 
    from
        games gse1_0 
    where
        gse1_0.status in (?, ?)
2026-05-13 11:10:09 [http-nio-auto-2-exec-4] DEBUG org.hibernate.SQL - 
    select
        pe1_0.id,
        pe1_0.color,
        pe1_0.connection_status,
        pe1_0.created_at,
        pe1_0.difficulty,
        pe1_0.is_ai,
        pe1_0.last_seen,
        pe1_0.name,
        pe1_0.player_id 
    from
        player pe1_0 
    where
        pe1_0.id=?
2026-05-13 11:10:09 [http-nio-auto-2-exec-4] DEBUG org.hibernate.SQL - 
    select
        pe1_0.id,
        pe1_0.color,
        pe1_0.connection_status,
        pe1_0.created_at,
        pe1_0.difficulty,
        pe1_0.is_ai,
        pe1_0.last_seen,
        pe1_0.name,
        pe1_0.player_id 
    from
        player pe1_0 
    where
        pe1_0.id=?
2026-05-13 11:10:09 [http-nio-auto-2-exec-4] DEBUG org.hibernate.SQL - 
    select
        m1_0.game_state_id,
        m1_0.id,
        m1_0.created_at,
        m1_0.from_square,
        m1_0.move_timestamp,
        m1_0.promotion,
        m1_0.to_square 
    from
        move m1_0 
    where
        m1_0.game_state_id=?
]]></system-out>
  </testcase>
  <testcase name="healthEndpointsReachable" classname="com.chess.backend.GameRestIntegrationTest" time="0.019"/>
</testsuite>